TN:
SF:src\server.js
FNF:0
FNH:0
LF:0
LH:0
BRF:0
BRH:0
end_of_record
TN:
SF:src\config\database.js
FN:27,testConnection
FNF:1
FNH:1
FNDA:1,testConnection
DA:1,1
DA:2,1
DA:4,1
DA:28,1
DA:29,1
DA:30,0
DA:32,0
DA:36,1
DA:38,1
LF:9
LH:7
BRF:0
BRH:0
end_of_record
TN:
SF:src\models\User.js
FN:39,(anonymous_0)
FN:43,(anonymous_1)
FN:53,(anonymous_2)
FNF:3
FNH:0
FNDA:0,(anonymous_0)
FNDA:0,(anonymous_1)
FNDA:0,(anonymous_2)
DA:1,1
DA:2,1
DA:3,1
DA:5,1
DA:40,0
DA:41,0
DA:44,0
DA:45,0
DA:46,0
DA:53,1
DA:54,0
DA:57,1
LF:12
LH:6
BRDA:44,0,0,0
BRDA:44,0,1,0
BRF:2
BRH:0
end_of_record
